<?xml version="1.0" encoding="UTF-8"?>
<!-- Generated by org.testng.reporters.JUnitReportReporter -->
<testsuite hostname="lina" failures="0" tests="1" name="QABootcamp_Maven.AxsosAcademy2.FrameTest" time="5.597" errors="0" timestamp="2025-01-16T23:07:49 EET" skipped="0">
  <testcase classname="QABootcamp_Maven.AxsosAcademy2.FrameTest" name="isFrameDisplayed" time="5.597"/>
  <system-out>
    <![CDATA[Iframe is present and displayed.
Successfully found the text inside iframe.]]>
  </system-out>
</testsuite> <!-- QABootcamp_Maven.AxsosAcademy2.FrameTest -->
