<?xml version="1.0" encoding="UTF-8"?>
<!-- Generated by org.testng.reporters.JUnitReportReporter -->
<testsuite hostname="lina" failures="0" tests="1" name="QABootcamp_Maven.AxsosAcademy2.ListToDo" time="40.567" errors="0" timestamp="2025-01-16T17:47:30 EET" skipped="0">
  <testcase classname="QABootcamp_Maven.AxsosAcademy2.ListToDo" name="Test" time="40.567"/>
  <system-out/>
</testsuite> <!-- QABootcamp_Maven.AxsosAcademy2.ListToDo -->
